Log file open, 12/26/16 01:40:26
LogInit:Display: Running engine for game: studyURE
LogPlatformFile: Not using cached read wrapper
LogInit:Display: RandInit(-825700770) SRandInit(-825700770).
LogTaskGraph: Started task graph with 5 named threads and 8 total threads with 1 sets of task threads.
LogStats: Stats thread started at 0.613316
LogPluginManager: Loaded Plugin Paper2D, From C:/Program Files (x86)/Epic Games/4.14/Engine/Plugins/2D/Paper2D/Paper2D.uplugin
LogPluginManager: Loaded Plugin LightPropagationVolume, From C:/Program Files (x86)/Epic Games/4.14/Engine/Plugins/Blendables/LightPropagationVolume/LightPropagationVolume.uplugin
LogPluginManager: Loaded Plugin BlankPlugin, From C:/Program Files (x86)/Epic Games/4.14/Engine/Plugins/Developer/BlankPlugin/BlankPlugin.uplugin
LogPluginManager: Loaded Plugin CodeLiteSourceCodeAccess, From C:/Program Files (x86)/Epic Games/4.14/Engine/Plugins/Developer/CodeLiteSourceCodeAccess/CodeLiteSourceCodeAccess.uplugin
LogPluginManager: Loaded Plugin GitSourceControl, From C:/Program Files (x86)/Epic Games/4.14/Engine/Plugins/Developer/GitSourceControl/GitSourceControl.uplugin
LogPluginManager: Loaded Plugin KDevelopSourceCodeAccess, From C:/Program Files (x86)/Epic Games/4.14/Engine/Plugins/Developer/KDevelopSourceCodeAccess/KDevelopSourceCodeAccess.uplugin
LogPluginManager: Loaded Plugin NullSourceCodeAccess, From C:/Program Files (x86)/Epic Games/4.14/Engine/Plugins/Developer/NullSourceCodeAccess/NullSourceCodeAccess.uplugin
LogPluginManager: Loaded Plugin OneSkyLocalizationService, From C:/Program Files (x86)/Epic Games/4.14/Engine/Plugins/Developer/OneSkyLocalizationService/OneSkyLocalizationService.uplugin
LogPluginManager: Loaded Plugin PerforceSourceControl, From C:/Program Files (x86)/Epic Games/4.14/Engine/Plugins/Developer/PerforceSourceControl/PerforceSourceControl.uplugin
LogPluginManager: Loaded Plugin SubversionSourceControl, From C:/Program Files (x86)/Epic Games/4.14/Engine/Plugins/Developer/SubversionSourceControl/SubversionSourceControl.uplugin
LogPluginManager: Loaded Plugin UObjectPlugin, From C:/Program Files (x86)/Epic Games/4.14/Engine/Plugins/Developer/UObjectPlugin/UObjectPlugin.uplugin
LogPluginManager: Loaded Plugin VisualStudioSourceCodeAccess, From C:/Program Files (x86)/Epic Games/4.14/Engine/Plugins/Developer/VisualStudioSourceCodeAccess/VisualStudioSourceCodeAccess.uplugin
LogPluginManager: Loaded Plugin XCodeSourceCodeAccess, From C:/Program Files (x86)/Epic Games/4.14/Engine/Plugins/Developer/XCodeSourceCodeAccess/XCodeSourceCodeAccess.uplugin
LogPluginManager: Loaded Plugin AudioCapture, From C:/Program Files (x86)/Epic Games/4.14/Engine/Plugins/Editor/AudioCapture/AudioCapture.uplugin
LogPluginManager: Loaded Plugin EpicSurvey, From C:/Program Files (x86)/Epic Games/4.14/Engine/Plugins/Editor/EpicSurvey/EpicSurvey.uplugin
LogPluginManager: Loaded Plugin MacGraphicsSwitching, From C:/Program Files (x86)/Epic Games/4.14/Engine/Plugins/Editor/MacGraphicsSwitching/MacGraphicsSwitching.uplugin
LogPluginManager: Loaded Plugin MobileLauncherProfileWizard, From C:/Program Files (x86)/Epic Games/4.14/Engine/Plugins/Editor/MobileLauncherProfileWizard/MobileLauncherProfileWizard.uplugin
LogPluginManager: Loaded Plugin PluginBrowser, From C:/Program Files (x86)/Epic Games/4.14/Engine/Plugins/Editor/PluginBrowser/PluginBrowser.uplugin
LogPluginManager: Loaded Plugin SpeedTreeImporter, From C:/Program Files (x86)/Epic Games/4.14/Engine/Plugins/Editor/SpeedTreeImporter/SpeedTreeImporter.uplugin
LogPluginManager: Loaded Plugin SuperSearchEditor, From C:/Program Files (x86)/Epic Games/4.14/Engine/Plugins/Editor/SuperSearchEditor/SuperSearchEditor.uplugin
LogPluginManager: Loaded Plugin AlembicImporter, From C:/Program Files (x86)/Epic Games/4.14/Engine/Plugins/Experimental/AlembicImporter/AlembicImporter.uplugin
LogPluginManager: Loaded Plugin BlueprintStats, From C:/Program Files (x86)/Epic Games/4.14/Engine/Plugins/Experimental/BlueprintStats/BlueprintStats.uplugin
LogPluginManager: Loaded Plugin CharacterAI, From C:/Program Files (x86)/Epic Games/4.14/Engine/Plugins/Experimental/CharacterAI/CharacterAI.uplugin
LogPluginManager: Loaded Plugin CodeEditor, From C:/Program Files (x86)/Epic Games/4.14/Engine/Plugins/Experimental/CodeEditor/CodeEditor.uplugin
LogPluginManager: Loaded Plugin CodeView, From C:/Program Files (x86)/Epic Games/4.14/Engine/Plugins/Experimental/CodeView/CodeView.uplugin
LogPluginManager: Loaded Plugin HTML5Networking, From C:/Program Files (x86)/Epic Games/4.14/Engine/Plugins/Experimental/HTML5Networking/HTML5Networking.uplugin
LogPluginManager: Loaded Plugin OSVR, From C:/Program Files (x86)/Epic Games/4.14/Engine/Plugins/Experimental/OSVR/OSVR.uplugin
LogPluginManager: Loaded Plugin Phya, From C:/Program Files (x86)/Epic Games/4.14/Engine/Plugins/Experimental/Phya/Phya.uplugin
LogPluginManager: Loaded Plugin SignificanceManager, From C:/Program Files (x86)/Epic Games/4.14/Engine/Plugins/Experimental/SignificanceManager/SignificanceManager.uplugin
LogPluginManager: Loaded Plugin SimpleHMD, From C:/Program Files (x86)/Epic Games/4.14/Engine/Plugins/Experimental/SimpleHMD/SimpleHMD.uplugin
LogPluginManager: Loaded Plugin StereoPanorama, From C:/Program Files (x86)/Epic Games/4.14/Engine/Plugins/Experimental/StereoPanorama/StereoPanorama.uplugin
LogPluginManager: Loaded Plugin StructBox, From C:/Program Files (x86)/Epic Games/4.14/Engine/Plugins/Experimental/StructBox/StructBox.uplugin
LogPluginManager: Loaded Plugin AndroidMedia, From C:/Program Files (x86)/Epic Games/4.14/Engine/Plugins/Media/AndroidMedia/AndroidMedia.uplugin
LogPluginManager: Loaded Plugin AvfMedia, From C:/Program Files (x86)/Epic Games/4.14/Engine/Plugins/Media/AvfMedia/AvfMedia.uplugin
LogPluginManager: Loaded Plugin MediaPlayerEditor, From C:/Program Files (x86)/Epic Games/4.14/Engine/Plugins/Media/MediaPlayerEditor/MediaPlayerEditor.uplugin
LogPluginManager: Loaded Plugin WmfMedia, From C:/Program Files (x86)/Epic Games/4.14/Engine/Plugins/Media/WmfMedia/WmfMedia.uplugin
LogPluginManager: Loaded Plugin MessagingDebugger, From C:/Program Files (x86)/Epic Games/4.14/Engine/Plugins/Messaging/MessagingDebugger/MessagingDebugger.uplugin
LogPluginManager: Loaded Plugin TcpMessaging, From C:/Program Files (x86)/Epic Games/4.14/Engine/Plugins/Messaging/TcpMessaging/TcpMessaging.uplugin
LogPluginManager: Loaded Plugin UdpMessaging, From C:/Program Files (x86)/Epic Games/4.14/Engine/Plugins/Messaging/UdpMessaging/UdpMessaging.uplugin
LogPluginManager: Loaded Plugin LevelSequenceEditor, From C:/Program Files (x86)/Epic Games/4.14/Engine/Plugins/MovieScene/LevelSequenceEditor/LevelSequenceEditor.uplugin
LogPluginManager: Loaded Plugin MatineeToLevelSequence, From C:/Program Files (x86)/Epic Games/4.14/Engine/Plugins/MovieScene/MatineeToLevelSequence/MatineeToLevelSequence.uplugin
LogPluginManager: Loaded Plugin NetcodeUnitTest, From C:/Program Files (x86)/Epic Games/4.14/Engine/Plugins/NetcodeUnitTest/NetcodeUnitTest/NetcodeUnitTest.uplugin
LogPluginManager: Loaded Plugin NUTUnrealEngine4, From C:/Program Files (x86)/Epic Games/4.14/Engine/Plugins/NetcodeUnitTest/NUTUnrealEngine4/NUTUnrealEngine4.uplugin
LogPluginManager: Loaded Plugin OnlineSubsystemGameCircle, From C:/Program Files (x86)/Epic Games/4.14/Engine/Plugins/Online/Android/OnlineSubsystemGameCircle/OnlineSubsystemGameCircle.uplugin
LogPluginManager: Loaded Plugin OnlineSubsystemGooglePlay, From C:/Program Files (x86)/Epic Games/4.14/Engine/Plugins/Online/Android/OnlineSubsystemGooglePlay/OnlineSubsystemGooglePlay.uplugin
LogPluginManager: Loaded Plugin OnlineSubsystemIOS, From C:/Program Files (x86)/Epic Games/4.14/Engine/Plugins/Online/IOS/OnlineSubsystemIOS/OnlineSubsystemIOS.uplugin
LogPluginManager: Loaded Plugin OnlineFramework, From C:/Program Files (x86)/Epic Games/4.14/Engine/Plugins/Online/OnlineFramework/OnlineFramework.uplugin
LogPluginManager: Loaded Plugin OnlineSubsystem, From C:/Program Files (x86)/Epic Games/4.14/Engine/Plugins/Online/OnlineSubsystem/OnlineSubsystem.uplugin
LogPluginManager: Loaded Plugin OnlineSubsystemAmazon, From C:/Program Files (x86)/Epic Games/4.14/Engine/Plugins/Online/OnlineSubsystemAmazon/OnlineSubsystemAmazon.uplugin
LogPluginManager: Loaded Plugin OnlineSubsystemFacebook, From C:/Program Files (x86)/Epic Games/4.14/Engine/Plugins/Online/OnlineSubsystemFacebook/OnlineSubsystemFacebook.uplugin
LogPluginManager: Loaded Plugin OnlineSubsystemNull, From C:/Program Files (x86)/Epic Games/4.14/Engine/Plugins/Online/OnlineSubsystemNull/OnlineSubsystemNull.uplugin
LogPluginManager: Loaded Plugin OnlineSubsystemOculus, From C:/Program Files (x86)/Epic Games/4.14/Engine/Plugins/Online/OnlineSubsystemOculus/OnlineSubsystemOculus.uplugin
LogPluginManager: Loaded Plugin OnlineSubsystemSteam, From C:/Program Files (x86)/Epic Games/4.14/Engine/Plugins/Online/OnlineSubsystemSteam/OnlineSubsystemSteam.uplugin
LogPluginManager: Loaded Plugin OnlineSubsystemUtils, From C:/Program Files (x86)/Epic Games/4.14/Engine/Plugins/Online/OnlineSubsystemUtils/OnlineSubsystemUtils.uplugin
LogPluginManager: Loaded Plugin IOSTapJoy, From C:/Program Files (x86)/Epic Games/4.14/Engine/Plugins/Runtime/Advertising/IOSTapJoy/IOSTapJoy.uplugin
LogPluginManager: Loaded Plugin AnalyticsBlueprintLibrary, From C:/Program Files (x86)/Epic Games/4.14/Engine/Plugins/Runtime/Analytics/AnalyticsBlueprintLibrary/AnalyticsBlueprintLibrary.uplugin
LogPluginManager: Loaded Plugin AnalyticsMulticast, From C:/Program Files (x86)/Epic Games/4.14/Engine/Plugins/Runtime/Analytics/AnalyticsMulticast/AnalyticsMulticast.uplugin
LogPluginManager: Loaded Plugin Apsalar, From C:/Program Files (x86)/Epic Games/4.14/Engine/Plugins/Runtime/Analytics/Apsalar/Apsalar.uplugin
LogPluginManager: Loaded Plugin FileLogging, From C:/Program Files (x86)/Epic Games/4.14/Engine/Plugins/Runtime/Analytics/FileLogging/FileLogging.uplugin
LogPluginManager: Loaded Plugin Flurry, From C:/Program Files (x86)/Epic Games/4.14/Engine/Plugins/Runtime/Analytics/Flurry/Flurry.uplugin
LogPluginManager: Loaded Plugin AndroidDeviceProfileSelector, From C:/Program Files (x86)/Epic Games/4.14/Engine/Plugins/Runtime/AndroidDeviceProfileSelector/AndroidDeviceProfileSelector.uplugin
LogPluginManager: Loaded Plugin AndroidMoviePlayer, From C:/Program Files (x86)/Epic Games/4.14/Engine/Plugins/Runtime/AndroidMoviePlayer/AndroidMoviePlayer.uplugin
LogPluginManager: Loaded Plugin AppleMoviePlayer, From C:/Program Files (x86)/Epic Games/4.14/Engine/Plugins/Runtime/AppleMoviePlayer/AppleMoviePlayer.uplugin
LogPluginManager: Loaded Plugin ArchVisCharacter, From C:/Program Files (x86)/Epic Games/4.14/Engine/Plugins/Runtime/ArchVisCharacter/ArchVisCharacter.uplugin
LogPluginManager: Loaded Plugin CableComponent, From C:/Program Files (x86)/Epic Games/4.14/Engine/Plugins/Runtime/CableComponent/CableComponent.uplugin
LogPluginManager: Loaded Plugin CustomMeshComponent, From C:/Program Files (x86)/Epic Games/4.14/Engine/Plugins/Runtime/CustomMeshComponent/CustomMeshComponent.uplugin
LogPluginManager: Loaded Plugin ExampleDeviceProfileSelector, From C:/Program Files (x86)/Epic Games/4.14/Engine/Plugins/Runtime/ExampleDeviceProfileSelector/ExampleDeviceProfileSelector.uplugin
LogPluginManager: Loaded Plugin GearVR, From C:/Program Files (x86)/Epic Games/4.14/Engine/Plugins/Runtime/GearVR/GearVR.uplugin
LogPluginManager: Loaded Plugin GoogleVRController, From C:/Program Files (x86)/Epic Games/4.14/Engine/Plugins/Runtime/GoogleVR/GoogleVRController/GoogleVRController.uplugin
LogPluginManager: Loaded Plugin GoogleVRHMD, From C:/Program Files (x86)/Epic Games/4.14/Engine/Plugins/Runtime/GoogleVR/GoogleVRHMD/GoogleVRHMD.uplugin
LogPluginManager: Loaded Plugin IOSDeviceProfileSelector, From C:/Program Files (x86)/Epic Games/4.14/Engine/Plugins/Runtime/IOSDeviceProfileSelector/IOSDeviceProfileSelector.uplugin
LogPluginManager: Loaded Plugin LeapMotion, From C:/Program Files (x86)/Epic Games/4.14/Engine/Plugins/Runtime/LeapMotion/LeapMotion.uplugin
LogPluginManager: Loaded Plugin LinuxDeviceProfileSelector, From C:/Program Files (x86)/Epic Games/4.14/Engine/Plugins/Runtime/LinuxDeviceProfileSelector/LinuxDeviceProfileSelector.uplugin
LogPluginManager: Loaded Plugin MIDIDevice, From C:/Program Files (x86)/Epic Games/4.14/Engine/Plugins/Runtime/MIDIDevice/MIDIDevice.uplugin
LogPluginManager: Loaded Plugin MobilePatchingUtils, From C:/Program Files (x86)/Epic Games/4.14/Engine/Plugins/Runtime/MobilePatchingUtils/MobilePatchingUtils.uplugin
LogPluginManager: Loaded Plugin Ansel, From C:/Program Files (x86)/Epic Games/4.14/Engine/Plugins/Runtime/Nvidia/Ansel/Ansel.uplugin
LogPluginManager: Loaded Plugin OculusAudio, From C:/Program Files (x86)/Epic Games/4.14/Engine/Plugins/Runtime/OculusAudio/OculusAudio.uplugin
LogPluginManager: Loaded Plugin OculusInput, From C:/Program Files (x86)/Epic Games/4.14/Engine/Plugins/Runtime/OculusInput/OculusInput.uplugin
LogPluginManager: Loaded Plugin OculusLibrary, From C:/Program Files (x86)/Epic Games/4.14/Engine/Plugins/Runtime/OculusLibrary/OculusLibrary.uplugin
LogPluginManager: Loaded Plugin OculusRift, From C:/Program Files (x86)/Epic Games/4.14/Engine/Plugins/Runtime/OculusRift/OculusRift.uplugin
LogPluginManager: Loaded Plugin Oodle, From C:/Program Files (x86)/Epic Games/4.14/Engine/Plugins/Runtime/PacketHandlers/CompressionComponents/Oodle/Oodle.uplugin
LogPluginManager: Loaded Plugin ProceduralMeshComponent, From C:/Program Files (x86)/Epic Games/4.14/Engine/Plugins/Runtime/ProceduralMeshComponent/ProceduralMeshComponent.uplugin
LogPluginManager: Loaded Plugin SoundMod, From C:/Program Files (x86)/Epic Games/4.14/Engine/Plugins/Runtime/SoundMod/SoundMod.uplugin
LogPluginManager: Loaded Plugin SoundVisualizations, From C:/Program Files (x86)/Epic Games/4.14/Engine/Plugins/Runtime/SoundVisualizations/SoundVisualizations.uplugin
LogPluginManager: Loaded Plugin SteamController, From C:/Program Files (x86)/Epic Games/4.14/Engine/Plugins/Runtime/Steam/SteamController/SteamController.uplugin
LogPluginManager: Loaded Plugin SteamVR, From C:/Program Files (x86)/Epic Games/4.14/Engine/Plugins/Runtime/Steam/SteamVR/SteamVR.uplugin
LogPluginManager: Loaded Plugin WebBrowserWidget, From C:/Program Files (x86)/Epic Games/4.14/Engine/Plugins/Runtime/WebBrowserWidget/WebBrowserWidget.uplugin
LogPluginManager: Loaded Plugin WindowsDeviceProfileSelector, From C:/Program Files (x86)/Epic Games/4.14/Engine/Plugins/Runtime/WindowsDeviceProfileSelector/WindowsDeviceProfileSelector.uplugin
LogPluginManager: Loaded Plugin WindowsMoviePlayer, From C:/Program Files (x86)/Epic Games/4.14/Engine/Plugins/Runtime/WindowsMoviePlayer/WindowsMoviePlayer.uplugin
LogPluginManager: Loaded Plugin ScriptPlugin, From C:/Program Files (x86)/Epic Games/4.14/Engine/Plugins/ScriptPlugin/ScriptPlugin.uplugin
LogPluginManager: Loaded Plugin SlateRemote, From C:/Program Files (x86)/Epic Games/4.14/Engine/Plugins/Slate/SlateRemote/SlateRemote.uplugin
LogPluginManager: Loaded Plugin EditorTests, From C:/Program Files (x86)/Epic Games/4.14/Engine/Plugins/Tests/EditorTests/EditorTests.uplugin
LogPluginManager: Loaded Plugin FbxAutomationTestBuilder, From C:/Program Files (x86)/Epic Games/4.14/Engine/Plugins/Tests/FbxAutomationTestBuilder/FbxAutomationTestBuilder.uplugin
LogPluginManager: Loaded Plugin FunctionalTestingEditor, From C:/Program Files (x86)/Epic Games/4.14/Engine/Plugins/Tests/FunctionalTestingEditor/FunctionalTestingEditor.uplugin
LogPluginManager: Loaded Plugin RuntimeTests, From C:/Program Files (x86)/Epic Games/4.14/Engine/Plugins/Tests/RuntimeTests/RuntimeTests.uplugin
LogPluginManager: Loaded Plugin ScreenshotTools, From C:/Program Files (x86)/Epic Games/4.14/Engine/Plugins/Tests/ScreenshotTools/ScreenshotTools.uplugin
LogInit: Using libcurl 7.47.1
LogInit:  - built for x86_64-pc-win32
LogInit:  - supports SSL with OpenSSL/1.0.2g
LogInit:  - supports HTTP deflate (compression) using libz 1.2.8
LogInit:  - other features:
LogInit:      CURL_VERSION_SSL
LogInit:      CURL_VERSION_LIBZ
LogInit:      CURL_VERSION_IPV6
LogInit:      CURL_VERSION_ASYNCHDNS
LogInit:      CURL_VERSION_LARGEFILE
LogInit:      CURL_VERSION_IDN
LogInit:  CurlRequestOptions (configurable via config and command line):
LogInit:  - bVerifyPeer = false  - Libcurl will NOT verify peer certificate
LogInit:  - bUseHttpProxy = false  - Libcurl will NOT use HTTP proxy
LogInit:  - bDontReuseConnections = false  - Libcurl will reuse connections
LogInit:  - CertBundlePath = nullptr  - Libcurl will use whatever was configured at build time.
LogInit: Build: ++UE4+Release-4.14-CL-3224400
LogInit: Engine Version: 4.14.1-3224400+++UE4+Release-4.14
LogInit: Compatible Engine Version: 4.14.0-3195953+++UE4+Release-4.14
LogInit: Net CL: 3195953
LogDevObjectVersion: Number of dev versions registered: 13
LogDevObjectVersion:   Dev-Blueprints (B0D832E4-1F89-4F0D-ACCF-7EB736FD4AA2): 7
LogDevObjectVersion:   Dev-Build (E1C64328-A22C-4D53-A36C-8E866417BD8C): 0
LogDevObjectVersion:   Dev-Core (375EC13C-06E4-48FB-B500-84F0262A717E): 1
LogDevObjectVersion:   Dev-Editor (E4B068ED-F494-42E9-A231-DA0B2E46BB41): 8
LogDevObjectVersion:   Dev-Framework (CFFC743F-43B0-4480-9391-14DF171D2073): 17
LogDevObjectVersion:   Dev-Mobile (B02B49B5-BB20-44E9-A304-32B752E40360): 0
LogDevObjectVersion:   Dev-Networking (A4E4105C-59A1-49B5-A7C5-40C4547EDFEE): 0
LogDevObjectVersion:   Dev-Online (39C831C9-5AE6-47DC-9A44-9C173E1C8E7C): 0
LogDevObjectVersion:   Dev-Physics (78F01B33-EBEA-4F98-B9B4-84EACCB95AA2): 0
LogDevObjectVersion:   Dev-Platform (6631380F-2D4D-43E0-8009-CF276956A95A): 0
LogDevObjectVersion:   Dev-Rendering (12F88B9F-8875-4AFC-A67C-D90C383ABD29): 12
LogDevObjectVersion:   Dev-Sequencer (7B5AE74C-D270-4C10-A958-57980B212A5A): 1
LogDevObjectVersion:   Dev-VR (D7296918-1DD6-4BDD-9DE2-64A83CC13884): 0
LogInit: Compiled (64-bit): Dec  7 2016 02:14:32
LogInit: Compiled with Visual C++: 19.00.23026.00
LogInit: Build Configuration: Development
LogInit: Branch Name: ++UE4+Release-4.14
LogInit: Command line:  
LogInit: Base directory: C:/Program Files (x86)/Epic Games/4.14/Engine/Binaries/Win64/
LogInit: Installed Engine Build: 1
LogInit: Presizing for max 8388607 objects, including 0 objects not considered by GC, pre-allocating 0 bytes for permanent pool.
LogInit: Object subsystem initialized
[2016.12.25-16.40.27:166][  0]LogInit: Selected Device Profile: [Windows]
[2016.12.25-16.40.27:166][  0]LogInit: Applying CVar settings loaded from the selected device profile: [Windows]
[2016.12.25-16.40.27:178][  0]LogInit: Computer: DESKTOP-R87SGPC
[2016.12.25-16.40.27:178][  0]LogInit: User: Administrator
[2016.12.25-16.40.27:178][  0]LogInit: CPU Page size=65536, Cores=4
[2016.12.25-16.40.27:178][  0]LogInit: High frequency timer resolution =3.328125 MHz
[2016.12.25-16.40.27:178][  0]LogMemory: Memory total: Physical=15.9GB (16GB approx)
[2016.12.25-16.40.27:178][  0]LogMemory: Platform Memory Stats for Windows
[2016.12.25-16.40.27:178][  0]LogMemory: Process Physical Memory: 267.36 MB used, 267.36 MB peak
[2016.12.25-16.40.27:178][  0]LogMemory: Process Virtual Memory: 262.66 MB used, 262.66 MB peak
[2016.12.25-16.40.27:178][  0]LogMemory: Physical Memory: 4761.19 MB used,  11542.97 MB free, 16304.16 MB total
[2016.12.25-16.40.27:178][  0]LogMemory: Virtual Memory: 676.60 MB used,  11542.97 MB free, 134217728.00 MB total
[2016.12.25-16.40.27:364][  0]LogTextLocalizationManager: No specific translations for ('ko-KR') exist, so ('ko') translations will be used.
[2016.12.25-16.40.27:408][  0]LogTextLocalizationManager:Warning: Loaded localization resources contain conflicting entries for (Namespace:KismetSchema, Key:Default):
Localization Resource: (C:/Program Files (x86)/Epic Games/4.14/Engine/Content/Localization/EditorTutorials/ko/EditorTutorials.locres) Source String Hash: (940523119) Localized String: (디폴트)
Localization Resource: (C:/Program Files (x86)/Epic Games/4.14/Engine/Content/Localization/Engine/ko/Engine.locres) Source String Hash: (940523119) Localized String: (기본)
[2016.12.25-16.40.27:408][  0]LogTextLocalizationManager:Warning: Loaded localization resources contain conflicting entries for (Namespace:UObjectToolTips, Key:AnimNode_AssetPlayerBase:InternalTimeAccumulator):
Localization Resource: (C:/Program Files (x86)/Epic Games/4.14/Engine/Content/Localization/EditorTutorials/ko/EditorTutorials.locres) Source String Hash: (502993589) Localized String: (이 노드에서 애셋을 레퍼런싱하는 데 사용되는 누적 시간입니다.)
Localization Resource: (C:/Program Files (x86)/Epic Games/4.14/Engine/Content/Localization/Engine/ko/Engine.locres) Source String Hash: (502993589) Localized String: (이 노드에서 애셋을 레퍼런싱하는 데 사용된 누적 시간입니다.)
[2016.12.25-16.40.27:408][  0]LogTextLocalizationManager:Warning: Loaded localization resources contain conflicting entries for (Namespace:UObjectToolTips, Key:AnimNode_AssetPlayerBase:bIgnoreForRelevancyTest):
Localization Resource: (C:/Program Files (x86)/Epic Games/4.14/Engine/Content/Localization/EditorTutorials/ko/EditorTutorials.locres) Source String Hash: (319969718) Localized String: (True 면, 스테이트에서 최고 가중치 애니메이션을 찾는 "Relevant anim" 노드는 이 노드를 무시합니다.
 )
Localization Resource: (C:/Program Files (x86)/Epic Games/4.14/Engine/Content/Localization/Engine/ko/Engine.locres) Source String Hash: (319969718) Localized String: (True 면 스테이트 내 최고 웨이팅된 애니메이션을 찾는 "Relevant anim" 노드가 무시됩니다.
 )
[2016.12.25-16.40.27:409][  0]LogTextLocalizationManager:Warning: Loaded localization resources contain conflicting entries for (Namespace:UObjectToolTips, Key:AnimNode_AssetPlayerBase:BlendWeight):
Localization Resource: (C:/Program Files (x86)/Epic Games/4.14/Engine/Content/Localization/EditorTutorials/ko/EditorTutorials.locres) Source String Hash: (-1232800293) Localized String: (이 노드에 마지막 걸린 블렌드웨이트 입니다.)
Localization Resource: (C:/Program Files (x86)/Epic Games/4.14/Engine/Content/Localization/Engine/ko/Engine.locres) Source String Hash: (-1232800293) Localized String: (이 노드에 대해 마지막 접한 블렌드 웨이트)
[2016.12.25-16.40.28:085][  0]LogD3D11RHI: D3D11 adapters:
[2016.12.25-16.40.28:601][  0]LogD3D11RHI:    0. 'NVIDIA GeForce GTX 1060 3GB' (Feature Level 11_0)
[2016.12.25-16.40.28:601][  0]LogD3D11RHI:       3035/0/8152 MB DedicatedVideo/DedicatedSystem/SharedSystem, Outputs:1, VendorId:0x10de
[2016.12.25-16.40.28:602][  0]LogD3D11RHI:    1. 'Microsoft Basic Render Driver' (Feature Level 11_0)
[2016.12.25-16.40.28:602][  0]LogD3D11RHI:       0/0/8152 MB DedicatedVideo/DedicatedSystem/SharedSystem, Outputs:0, VendorId:0x1414
[2016.12.25-16.40.28:602][  0]LogD3D11RHI: Chosen D3D11 Adapter: 0
[2016.12.25-16.40.28:607][  0]LogD3D11RHI: Creating new Direct3DDevice
[2016.12.25-16.40.28:607][  0]LogD3D11RHI:     GPU DeviceId: 0x1c02 (for the marketing name, search the web for "GPU Device Id")
[2016.12.25-16.40.28:607][  0]LogWindows: EnumDisplayDevices:
[2016.12.25-16.40.28:608][  0]LogWindows:    0. 'NVIDIA GeForce GTX 1060 3GB' (P:1 D:1)
[2016.12.25-16.40.28:608][  0]LogWindows:    1. 'NVIDIA GeForce GTX 1060 3GB' (P:0 D:0)
[2016.12.25-16.40.28:609][  0]LogWindows:    2. 'NVIDIA GeForce GTX 1060 3GB' (P:0 D:0)
[2016.12.25-16.40.28:609][  0]LogWindows:    3. 'NVIDIA GeForce GTX 1060 3GB' (P:0 D:0)
[2016.12.25-16.40.28:610][  0]LogWindows: DebugString: FoundDriverCount:4 
[2016.12.25-16.40.28:610][  0]LogD3D11RHI:     Adapter Name: NVIDIA GeForce GTX 1060 3GB
[2016.12.25-16.40.28:610][  0]LogD3D11RHI:   Driver Version: 376.09 (internal:21.21.13.7609, unified:376.09)
[2016.12.25-16.40.28:610][  0]LogD3D11RHI:      Driver Date: 11-24-2016
[2016.12.25-16.40.28:610][  0]LogRHI: Texture pool is 1361 MB (70% of 1945 MB)
[2016.12.25-16.40.29:073][  0]LogD3D11RHI: Async texture creation enabled
[2016.12.25-16.40.29:162][  0]LogD3D11RHI: GPU Timing Frequency: 1000.000000 (Debug: 2 1)
[2016.12.25-16.40.29:169][  0]LogShaderCompilers: Guid format shader working directory is 17 characters bigger than the processId version (D:/CodeRepository/UnrealDemo/studyURE/Intermediate/Shaders/WorkingDirectory/7712/).
[2016.12.25-16.40.29:170][  0]LogShaderCompilers: Cleaned the shader compiler working directory 'C:/Users/Administrator/AppData/Local/Temp/UnrealShaderWorkingDir/CD43CE9F4357A8FA57C37BAD6225AC6B/'.
[2016.12.25-16.40.29:170][  0]LogShaderCompilers:Display: Using Local Shader Compiler.
[2016.12.25-16.40.30:822][  0]LogTemp:Display: Loaded TP AllDesktopTargetPlatform
[2016.12.25-16.40.30:909][  0]LogTemp:Display: Loaded TP MacClientTargetPlatform
[2016.12.25-16.40.30:998][  0]LogTemp:Display: Loaded TP MacNoEditorTargetPlatform
[2016.12.25-16.40.31:082][  0]LogTemp:Display: Loaded TP MacServerTargetPlatform
[2016.12.25-16.40.31:168][  0]LogTemp:Display: Loaded TP MacTargetPlatform
[2016.12.25-16.40.31:252][  0]LogTemp:Display: Loaded TP WindowsClientTargetPlatform
[2016.12.25-16.40.31:341][  0]LogTemp:Display: Loaded TP WindowsNoEditorTargetPlatform
[2016.12.25-16.40.31:427][  0]LogTemp:Display: Loaded TP WindowsServerTargetPlatform
[2016.12.25-16.40.31:504][  0]LogTemp:Display: Loaded TP WindowsTargetPlatform
[2016.12.25-16.40.31:589][  0]LogTemp:Display: Loaded TP AndroidTargetPlatform
[2016.12.25-16.40.31:675][  0]LogTemp:Display: Loaded TP Android_ASTCTargetPlatform
[2016.12.25-16.40.31:758][  0]LogTemp:Display: Loaded TP Android_ATCTargetPlatform
[2016.12.25-16.40.31:842][  0]LogTemp:Display: Loaded TP Android_DXTTargetPlatform
[2016.12.25-16.40.31:925][  0]LogTemp:Display: Loaded TP Android_ETC1TargetPlatform
[2016.12.25-16.40.32:009][  0]LogTemp:Display: Loaded TP Android_ETC2TargetPlatform
[2016.12.25-16.40.32:176][  0]LogTemp:Display: Loaded TP Android_MultiTargetPlatform
[2016.12.25-16.40.32:176][  0]LogTemp:Display: Loaded TP Android_PVRTCTargetPlatform
[2016.12.25-16.40.32:247][  0]LogTemp:Display: Loaded TP HTML5TargetPlatform
[2016.12.25-16.40.32:386][  0]LogTemp:Display: Loaded TP IOSTargetPlatform
[2016.12.25-16.40.32:428][  0]LogTemp:Display: Loaded TP TVOSTargetPlatform
[2016.12.25-16.40.32:511][  0]LogTemp:Display: Loaded TP LinuxClientTargetPlatform
[2016.12.25-16.40.32:596][  0]LogTemp:Display: Loaded TP LinuxNoEditorTargetPlatform
[2016.12.25-16.40.32:680][  0]LogTemp:Display: Loaded TP LinuxServerTargetPlatform
[2016.12.25-16.40.32:763][  0]LogTemp:Display: Loaded TP LinuxTargetPlatform
[2016.12.25-16.40.32:763][  0]LogTargetPlatformManager:Display: Building Assets For Windows
[2016.12.25-16.40.33:463][  0]LogDerivedDataCache:Display: Max Cache Size: 512 MB
[2016.12.25-16.40.33:463][  0]LogDerivedDataCache:Display: Starting with empty Boot cache
[2016.12.25-16.40.33:463][  0]LogDerivedDataCache: FDerivedDataBackendGraph:  Pak pak cache file D:/CodeRepository/UnrealDemo/studyURE/DerivedDataCache/DDC.ddp not found, will not use a pak cache.
[2016.12.25-16.40.33:463][  0]LogDerivedDataCache: Unable to find inner node Pak for hierarchical cache Hierarchy.
[2016.12.25-16.40.33:463][  0]LogDerivedDataCache: FDerivedDataBackendGraph:  CompressedPak pak cache file D:/CodeRepository/UnrealDemo/studyURE/DerivedDataCache/Compressed.ddp not found, will not use a pak cache.
[2016.12.25-16.40.33:463][  0]LogDerivedDataCache: Unable to find inner node CompressedPak for hierarchical cache Hierarchy.
[2016.12.25-16.40.33:483][  0]LogDerivedDataCache:Display: Pak cache opened for reading ../../../Engine/DerivedDataCache/Compressed.ddp.
[2016.12.25-16.40.33:495][  0]LogDerivedDataCache: Using Local data cache path C:/Users/Administrator/AppData/Local/UnrealEngine/Common/DerivedDataCache: Writable
[2016.12.25-16.40.34:506][  0]LogInit: Selected Device Profile: [Windows]
[2016.12.25-16.40.34:561][  0]LogTexture:Display: 텍스처 빌드중: DefaultDiffuse (AutoDXT)
[2016.12.25-16.40.35:101][  0]LogContentStreaming: Texture pool size is 0.00 MB
[2016.12.25-16.40.35:144][  0]LogTexture:Display: 텍스처 빌드중: T_Default_Material_Grid_M (AutoDXT)
[2016.12.25-16.40.35:276][  0]LogTexture:Display: 텍스처 빌드중: T_Default_Material_Grid_N (BC5)
[2016.12.25-16.40.35:327][  0]LogTexture:Display: 텍스처 빌드중: DefaultTexture (DXT1)
[2016.12.25-16.40.35:343][  0]LogTexture:Display: 텍스처 빌드중: WhiteSquareTexture (AutoDXT)
[2016.12.25-16.40.35:599][  0]LogMeshUtilities: Using QuadricMeshReduction for automatic static mesh reduction
[2016.12.25-16.40.35:688][  0]LogSimplygon: Simplygon DLL not present - disabling.
[2016.12.25-16.40.35:771][  0]LogMeshUtilities: Using SimplygonSwarm for distributed automatic mesh merging
[2016.12.25-16.40.35:771][  0]LogMeshUtilities: No automatic skeletal mesh reduction module available
[2016.12.25-16.40.35:771][  0]LogMeshUtilities: No automatic mesh merging module available
[2016.12.25-16.40.35:876][  0]LogTexture:Display: 텍스처 빌드중: UE4_Logo (AutoDXT)
[2016.12.25-16.40.35:993][  0]LogTexture:Display: 텍스처 빌드중: VR_LaserPower_01 (AutoDXT)
[2016.12.25-16.40.36:128][  0]LogTexture:Display: 텍스처 빌드중: GizmoText_RobotoDistanceField_PageA (G8)
[2016.12.25-16.40.36:149][  0]LogTexture:Display: 텍스처 빌드중: RobotoDistanceField_PageA (G8)
[2016.12.25-16.40.36:243][  0]LogTexture:Display: 텍스처 빌드중: SimpleGrid (AutoDXT)
[2016.12.25-16.40.36:339][  0]LogTexture:Display: 텍스처 빌드중: AICON-Red (AutoDXT)
[2016.12.25-16.40.36:346][  0]LogTexture:Display: 텍스처 빌드중: AICON-Green (AutoDXT)
[2016.12.25-16.40.36:431][  0]LogTexture:Display: 텍스처 빌드중: MatineeCam_D (AutoDXT)
[2016.12.25-16.40.36:521][  0]LogTexture:Display: 텍스처 빌드중: S_Actor (BGRA8)
[2016.12.25-16.40.36:526][  0]LogTexture:Display: 텍스처 빌드중: S_LevelSequence (BGRA8)
[2016.12.25-16.40.36:549][  0]LogTexture:Display: 텍스처 빌드중: EpicQuadPanorama_CC+EV1 (RGBA16F)
[2016.12.25-16.40.44:280][  0]LogTexture:Display: 텍스처 빌드중: RGBTable16x1_AssetViewer (BGRA8)
[2016.12.25-16.40.44:296][  0]LogTexture:Display: 텍스처 빌드중: Bad (BGRA8)
[2016.12.25-16.40.44:334][  0]LogTexture:Display: 텍스처 빌드중: Default (BGRA8)
[2016.12.25-16.40.44:343][  0]LogTexture:Display: 텍스처 빌드중: VR-Basic (BGRA8)
[2016.12.25-16.40.44:385][  0]LogTexture:Display: 텍스처 빌드중: Grid (AutoDXT)
[2016.12.25-16.40.44:433][  0]LogTexture:Display: 텍스처 빌드중: DaylightAmbientCubemap (RGBA16F)
[2016.12.25-16.40.51:868][  0]LogTexture:Display: 텍스처 빌드중: PSysThumbnail_NoImage (AutoDXT)
[2016.12.25-16.40.51:878][  0]LogTexture:Display: 텍스처 빌드중: PSysThumbnail_OOD (AutoDXT)
[2016.12.25-16.40.51:891][  0]LogTexture:Display: 텍스처 빌드중: S_DecalActorIcon (AutoDXT)
[2016.12.25-16.40.51:944][  0]LogTexture:Display: 텍스처 빌드중: S_Terrain (BGRA8)
[2016.12.25-16.40.52:033][  0]LogTexture:Display: 텍스처 빌드중: T_EditorHelp (AutoDXT)
[2016.12.25-16.40.52:531][  0]LogTexture:Display: 텍스처 빌드중: flipbook (AutoDXT)
[2016.12.25-16.40.52:541][  0]LogTexture:Display: 텍스처 빌드중: S_Emitter (BGRA8)
[2016.12.25-16.40.52:548][  0]LogTexture:Display: 텍스처 빌드중: S_ExpoHeightFog (BGRA8)
[2016.12.25-16.40.52:555][  0]LogTexture:Display: 텍스처 빌드중: S_NavP (BGRA8)
[2016.12.25-16.40.52:563][  0]LogTexture:Display: 텍스처 빌드중: S_Player (BGRA8)
[2016.12.25-16.40.52:571][  0]LogTexture:Display: 텍스처 빌드중: SkyLight (BGRA8)
[2016.12.25-16.40.52:579][  0]LogTexture:Display: 텍스처 빌드중: S_WindDirectional (AutoDXT)
[2016.12.25-16.40.52:714][  0]LogTexture:Display: 텍스처 빌드중: S_LightDirectional (BGRA8)
[2016.12.25-16.40.52:728][  0]LogTexture:Display: 텍스처 빌드중: S_LightDirectionalMove (BGRA8)
[2016.12.25-16.40.52:738][  0]LogTexture:Display: 텍스처 빌드중: S_LightPoint (BGRA8)
[2016.12.25-16.40.52:745][  0]LogTexture:Display: 텍스처 빌드중: S_LightPointMove (BGRA8)
[2016.12.25-16.40.52:754][  0]LogTexture:Display: 텍스처 빌드중: S_LightSpot (BGRA8)
[2016.12.25-16.40.52:762][  0]LogTexture:Display: 텍스처 빌드중: S_LightSpotMove (BGRA8)
[2016.12.25-16.40.52:771][  0]LogTexture:Display: 텍스처 빌드중: S_PortalActorIcon2 (AutoDXT)
[2016.12.25-16.40.52:812][  0]LogTexture:Display: 텍스처 빌드중: MatInstActSprite (BGRA8)
[2016.12.25-16.40.52:830][  0]LogTexture:Display: 텍스처 빌드중: SceneManager (BGRA8)
[2016.12.25-16.40.52:841][  0]LogTexture:Display: 텍스처 빌드중: S_NavLink (AutoDXT)
[2016.12.25-16.40.52:856][  0]LogTexture:Display: 텍스처 빌드중: S_Note (BGRA8)
[2016.12.25-16.40.52:870][  0]LogTexture:Display: 텍스처 빌드중: S_ReflActorIcon (AutoDXT)
[2016.12.25-16.40.52:896][  0]LogTexture:Display: 텍스처 빌드중: S_Thruster (BGRA8)
[2016.12.25-16.40.52:903][  0]LogTexture:Display: 텍스처 빌드중: S_RadForce (BGRA8)
[2016.12.25-16.40.52:910][  0]LogTexture:Display: 텍스처 빌드중: TargetIcon (BGRA8)
[2016.12.25-16.40.52:916][  0]LogTexture:Display: 텍스처 빌드중: S_TextRenderActorIcon (AutoDXT)
[2016.12.25-16.40.52:933][  0]LogTexture:Display: 텍스처 빌드중: S_Trigger (BGRA8)
[2016.12.25-16.40.52:943][  0]LogTexture:Display: 텍스처 빌드중: S_VectorFieldVol (BGRA8)
[2016.12.25-16.40.52:952][  0]LogTexture:Display: 텍스처 빌드중: GradientTexture0 (BGRA8)
[2016.12.25-16.40.52:957][  0]LogTexture:Display: 텍스처 빌드중: Black (AutoDXT)
[2016.12.25-16.40.52:968][  0]LogTexture:Display: 텍스처 빌드중: MAT_Groups_Float (AutoDXT)
[2016.12.25-16.40.52:971][  0]LogTexture:Display: 텍스처 빌드중: MAT_Groups_Director (AutoDXT)
[2016.12.25-16.40.52:973][  0]LogTexture:Display: 텍스처 빌드중: MAT_Groups_Event (AutoDXT)
[2016.12.25-16.40.52:975][  0]LogTexture:Display: 텍스처 빌드중: MAT_Groups_Anim (AutoDXT)
[2016.12.25-16.40.52:977][  0]LogTexture:Display: 텍스처 빌드중: MAT_Groups_Fade (AutoDXT)
[2016.12.25-16.40.52:979][  0]LogTexture:Display: 텍스처 빌드중: MAT_Groups_Move (AutoDXT)
[2016.12.25-16.40.52:982][  0]LogTexture:Display: 텍스처 빌드중: MAT_Groups_Slomo (AutoDXT)
[2016.12.25-16.40.52:983][  0]LogTexture:Display: 텍스처 빌드중: MAT_ColorTrack (AutoDXT)
[2016.12.25-16.40.52:986][  0]LogTexture:Display: 텍스처 빌드중: MAT_Groups_Toggle (AutoDXT)
[2016.12.25-16.40.52:987][  0]LogTexture:Display: 텍스처 빌드중: MAT_Groups_AudioMaster (AutoDXT)
[2016.12.25-16.40.52:989][  0]LogTexture:Display: 텍스처 빌드중: MAT_Groups_Sound (AutoDXT)
[2016.12.25-16.40.52:991][  0]LogTexture:Display: 텍스처 빌드중: MAT_Groups_Vector (AutoDXT)
[2016.12.25-16.40.52:994][  0]LogTexture:Display: 텍스처 빌드중: MAT_Groups_Visibility (AutoDXT)
[2016.12.25-16.40.52:998][  0]LogTexture:Display: 텍스처 빌드중: DefaultTextureCube (DXT1)
[2016.12.25-16.40.53:534][  0]LogNetVersion: GetLocalNetworkVersion: CL: 3195953, ProjectName: studyure, ProjectVersion: , EngineNetworkVersion: 2, GameNetworkVersion: 0, NetworkChecksum: 2740501670
[2016.12.25-16.40.53:623][  0]LogAssetRegistry: FAssetRegistry took 0.0233 seconds to start up
[2016.12.25-16.40.53:684][  0]LogPackageLocalizationCache: Processed 3 localized package path(s) for 2 prioritized culture(s) in 0.021001 seconds
[2016.12.25-16.40.53:690][  0]LogUObjectArray: 31946 objects as part of root set at end of initial load.
[2016.12.25-16.40.53:690][  0]LogUObjectAllocator: 6935848 out of 0 bytes used by permanent object pool.
[2016.12.25-16.40.53:690][  0]LogUObjectArray: CloseDisregardForGC: 0/0 objects in disregard for GC pool
[2016.12.25-16.40.53:802][  0]LogInit: WinSock: version 1.1 (2.2), MaxSocks=32767, MaxUdp=65467
[2016.12.25-16.40.54:857][  0]LogTexture:Display: 텍스처 빌드중: S_FTest (AutoDXT)
[2016.12.25-16.40.55:424][  0]LogSlate: Using Freetype 2.6.0
[2016.12.25-16.40.55:429][  0]LogSlate: SlateFontCache - WITH_FREETYPE: 1, WITH_HARFBUZZ: 1
[2016.12.25-16.40.55:429][  0]LogSlate: SlateFontCache - WITH_FREETYPE: 1, WITH_HARFBUZZ: 1
[2016.12.25-16.40.57:644][  0]LogTexture:Display: 텍스처 빌드중: DummySpriteTexture (AutoDXT)
[2016.12.25-16.40.57:788][  0]LogTcpMessaging: Initializing TcpMessaging bridge
[2016.12.25-16.40.57:857][  0]LogUdpMessaging: Initializing bridge on interface 0.0.0.0:0 to multicast group 230.0.0.1:6666.
[2016.12.25-16.40.58:463][  0]LogMaterial: Uniform references updated for custom material expression Custom.
[2016.12.25-16.40.58:464][  0]LogTexture:Display: 텍스처 빌드중: MiniFont (AutoDXT)
[2016.12.25-16.40.59:166][  0]SourceControl: 정보 소스 콘트롤이 꺼졌습니다.
[2016.12.25-16.40.59:207][  0]SourceControl: 정보 소스 콘트롤이 꺼졌습니다.
[2016.12.25-16.40.59:313][  0]SourceControl: 정보 소스 콘트롤이 꺼졌습니다.
[2016.12.25-16.40.59:399][  0]SourceControl: 정보 소스 콘트롤이 꺼졌습니다.
[2016.12.25-16.41.01:747][  0]LogEngine: Initializing Engine...
[2016.12.25-16.41.01:748][  0]LogHMD: Failed to initialize OpenVR with code 110
[2016.12.25-16.41.01:788][  0]LogTexture:Display: 텍스처 빌드중: DefaultWhiteGrid (AutoDXT)
[2016.12.25-16.41.01:867][  0]LogTexture:Display: 텍스처 빌드중: InvalidLightmapSettings (AutoDXT)
[2016.12.25-16.41.01:912][  0]LogTexture:Display: 텍스처 빌드중: HeatmapGradient (BGRA8)
[2016.12.25-16.41.01:921][  0]LogTexture:Display: 텍스처 빌드중: PreviewShadowIndicator (BGRA8)
[2016.12.25-16.41.01:941][  0]LogTexture:Display: 텍스처 빌드중: BSPVertex (AutoDXT)
[2016.12.25-16.41.01:943][  0]LogTexture:Display: 텍스처 빌드중: Good64x64TilingNoiseHighFreq (G8)
[2016.12.25-16.41.01:944][  0]LogTexture:Display: 텍스처 빌드중: DefaultBokeh (BGRA8)
[2016.12.25-16.41.01:945][  0]LogTexture:Display: 텍스처 빌드중: PreintegratedSkinBRDF (BGRA8)
[2016.12.25-16.41.01:951][  0]LogTexture:Display: 텍스처 빌드중: WeightMapPlaceholderTexture (BGRA8)
[2016.12.25-16.41.02:226][  0]LogAIModule: Creating AISystem for world Untitled
[2016.12.25-16.41.02:276][  0]LogInit: XAudio2 using '스피커(Realtek High Definition Audio)' : 2 channels at 48 kHz using 32 bits per sample (channel mask 0x3)
[2016.12.25-16.41.02:309][  0]LogInit: FAudioDevice initialized.
[2016.12.25-16.41.02:335][  0]LogDerivedDataCache: Saved boot cache 0.03s 64MB C:/Users/Administrator/AppData/Local/UnrealEngine/4.14/DerivedDataCache/Boot.ddc.
[2016.12.25-16.41.02:340][  0]LogInit: Texture streaming: Enabled
[2016.12.25-16.41.02:655][  0]LogWindowsTextInputMethodSystem:Display: IME system now activated using TSF (Microsoft 입력기).
[2016.12.25-16.41.02:724][  0]LogInit: Transaction tracking system initialized
[2016.12.25-16.41.03:485][  0]BlueprintLog: New page: 에디터 로드
[2016.12.25-16.41.05:341][  0]LocalizationService: 정보 현지화 서비스가 비활성화되었습니다.
[2016.12.25-16.41.06:691][  0]LogConsoleResponse:Display: 
[2016.12.25-16.41.06:747][  0]LogTexture:Display: 텍스처 빌드중: Cross (AutoDXT)
[2016.12.25-16.41.06:769][  0]LogTexture:Display: 텍스처 빌드중: Tick (AutoDXT)
[2016.12.25-16.41.06:775][  0]LogTexture:Display: 텍스처 빌드중: WidgetGridVertexColorMaterial (AutoDXT)
[2016.12.25-16.41.06:819][  0]LogTexture:Display: 텍스처 빌드중: CASC_None (AutoDXT)
[2016.12.25-16.41.06:820][  0]LogTexture:Display: 텍스처 빌드중: CASC_Cross (AutoDXT)
[2016.12.25-16.41.06:828][  0]LogTexture:Display: 텍스처 빌드중: Texture2D_28 (AutoDXT)
[2016.12.25-16.41.06:837][  0]LogTexture:Display: 텍스처 빌드중: S_KBSJoint (BGRA8)
[2016.12.25-16.41.06:840][  0]LogTexture:Display: 텍스처 빌드중: S_KHinge (BGRA8)
[2016.12.25-16.41.06:843][  0]LogTexture:Display: 텍스처 빌드중: S_KPrismatic (BGRA8)
[2016.12.25-16.41.06:848][  0]LogTexture:Display: 텍스처 빌드중: S_LightError (BGRA8)
[2016.12.25-16.41.06:853][  0]LogTexture:Display: 텍스처 빌드중: T_Loft_Spline (AutoDXT)
[2016.12.25-16.41.06:911][  0]LogTexture:Display: 텍스처 빌드중: DefaultNormal (BC5)
[2016.12.25-16.41.07:006][  0]LogTexture:Display: 텍스처 빌드중: Grid_N (BC5)
[2016.12.25-16.41.07:034][  0]LogTexture:Display: 텍스처 빌드중: PaperDiffuse (AutoDXT)
[2016.12.25-16.41.07:145][  0]LogTexture:Display: 텍스처 빌드중: PaperNormal (BC5)
[2016.12.25-16.41.07:165][  0]LogTexture:Display: 텍스처 빌드중: Texture2D_28 (AutoDXT)
[2016.12.25-16.41.07:172][  0]LogTexture:Display: 텍스처 빌드중: Texture2D_29 (AutoDXT)
[2016.12.25-16.41.07:177][  0]LogTexture:Display: 텍스처 빌드중: StreamingPauseIcon (AutoDXT)
[2016.12.25-16.41.07:204][  0]LogFileCache: Scanning file cache for directory 'D:/CodeRepository/UnrealDemo/studyURE/Content/' took 0.01s
[2016.12.25-16.41.07:204][  0]LogCook:Display: Max memory allowance for cook 16384mb min free memory 0mb
[2016.12.25-16.41.07:204][  0]LogCook:Display: Mobile HDR setting 1
[2016.12.25-16.41.07:442][  0]LogTexture:Display: 텍스처 빌드중: Countdown (AutoDXT)
[2016.12.25-16.41.07:496][  0]LogTexture:Display: 텍스처 빌드중: RecordingIndicator (AutoDXT)
[2016.12.25-16.41.08:896][  0]LogTexture:Display: 텍스처 빌드중: DefaultAlphaTexture (BGRA8)
[2016.12.25-16.41.08:994][  0]SourceControl: 정보 소스 콘트롤이 꺼졌습니다.
[2016.12.25-16.41.08:997][  0]Cmd: MAP LOAD FILE="D:/CodeRepository/UnrealDemo/studyURE/Content/ThirdPersonBP/Maps/ThirdPersonExampleMap.umap" TEMPLATE=0 SHOWPROGRESS=1 FEATURELEVEL=3
[2016.12.25-16.41.09:001][  0]LightingResults: New page: 라이팅 빌드
[2016.12.25-16.41.09:085][  0]MapCheck: New page: 맵 체크
[2016.12.25-16.41.09:085][  0]LightingResults: New page: 라이팅 빌드
[2016.12.25-16.41.09:433][  0]LogTexture:Display: 텍스처 빌드중: T_Sky_Stars (AutoDXT)
[2016.12.25-16.41.09:513][  0]LogTexture:Display: 텍스처 빌드중: T_Sky_Clouds_M (BGRA8)
[2016.12.25-16.41.10:077][  0]LogTexture:Display: 텍스처 빌드중: T_Sky_Blue (AutoDXT)
[2016.12.25-16.41.10:846][  0]LogTexture:Display: 텍스처 빌드중: UE4Man_Logo_N (BC5)
[2016.12.25-16.41.10:874][  0]LogTexture:Display: 텍스처 빌드중: T_ML_Rubber_Blue_01_D (AutoDXT)
[2016.12.25-16.41.11:014][  0]LogTexture:Display: 텍스처 빌드중: T_ML_Rubber_Blue_01_N (BC5)
[2016.12.25-16.41.11:041][  0]LogTexture:Display: 텍스처 빌드중: T_ML_Aluminum01 (AutoDXT)
[2016.12.25-16.41.11:146][  0]LogTexture:Display: 텍스처 빌드중: T_ML_Aluminum01_N (BC5)
[2016.12.25-16.41.11:174][  0]LogTexture:Display: 텍스처 빌드중: UE4_Mannequin_MAT_MASKA (AutoDXT)
[2016.12.25-16.41.11:378][  0]LogTexture:Display: 텍스처 빌드중: UE4_Mannequin__normals (BC5)
[2016.12.25-16.41.11:728][  0]LogTexture:Display: 텍스처 빌드중: UE4_LOGO_CARD (AutoDXT)
[2016.12.25-16.41.11:792][  0]LogTexture:Display: 텍스처 빌드중: HQ_Lightmap0_1 (AutoDXT)
[2016.12.25-16.41.11:984][  0]LogTexture:Display: 텍스처 빌드중: HQ_Lightmap0_2 (AutoDXT)
[2016.12.25-16.41.12:044][  0]LogTexture:Display: 텍스처 빌드중: HQ_Lightmap0_3 (AutoDXT)
[2016.12.25-16.41.12:058][  0]LogTexture:Display: 텍스처 빌드중: LQ_Lightmap_0_1 (DXT1)
[2016.12.25-16.41.12:130][  0]LogTexture:Display: 텍스처 빌드중: LQ_Lightmap_0_2 (DXT1)
[2016.12.25-16.41.12:155][  0]LogTexture:Display: 텍스처 빌드중: LQ_Lightmap_0_3 (DXT1)
[2016.12.25-16.41.12:166][  0]LogTexture:Display: 텍스처 빌드중: SkyOcclusion0_1 (AutoDXT)
[2016.12.25-16.41.12:264][  0]LogTexture:Display: 텍스처 빌드중: SkyOcclusion0_2 (AutoDXT)
[2016.12.25-16.41.12:290][  0]LogTexture:Display: 텍스처 빌드중: SkyOcclusion0_3 (AutoDXT)
[2016.12.25-16.41.12:297][  0]LogTexture:Display: 텍스처 빌드중: ShadowMapTexture2D_0 (G8)
[2016.12.25-16.41.12:361][  0]LogTexture:Display: 텍스처 빌드중: ShadowMapTexture2D_1 (G8)
[2016.12.25-16.41.12:405][  0]LogAIModule: Creating AISystem for world ThirdPersonExampleMap
[2016.12.25-16.41.12:415][  0]LogTexture:Display: 텍스처 빌드중: EmptyActor (BGRA8)
[2016.12.25-16.41.12:449][  0]LogEditorServer: Finished looking for orphan Actors (0.000 secs)
[2016.12.25-16.41.12:454][  0]Cmd: MAP CHECKDEP NOCLEARLOG
[2016.12.25-16.41.12:518][  0]MapCheck: 정보 맵 체크 완료: 오류 0 회, 경고 0 회, 소요 시간 64.473ms.
[2016.12.25-16.41.12:518][  0]LogFileHelpers: Loading map 'ThirdPersonExampleMap' took 3.522
[2016.12.25-16.41.12:766][  0]LogCollectionManager: Loaded 0 collections in 0.001292 seconds
[2016.12.25-16.41.12:902][  0]LogFileCache: Scanning file cache for directory 'D:/CodeRepository/UnrealDemo/studyURE/Saved/Collections/' took 0.01s
[2016.12.25-16.41.12:902][  0]LogFileCache: Scanning file cache for directory 'D:/CodeRepository/UnrealDemo/studyURE/Content/Developers/Administrator/Collections/' took 0.01s
[2016.12.25-16.41.12:902][  0]LogFileCache: Scanning file cache for directory 'D:/CodeRepository/UnrealDemo/studyURE/Content/Collections/' took 0.01s
[2016.12.25-16.41.12:902][  0]LogCollectionManager: Rebuilt the GUID cache for 0 collections in 0.000003 seconds
[2016.12.25-16.41.12:914][  0]LogContentBrowser: Native class hierarchy populated in 0.0086 seconds. Added 2190 classes and 428 folders.
[2016.12.25-16.41.12:996][  0]LogStats: UGameplayTagsManager::ConstructGameplayTagTree: Construct from data asset -  0.000 s
[2016.12.25-16.41.12:996][  0]LogStats: UGameplayTagsManager::ConstructGameplayTagTree: GameplayTagTreeChangedEvent.Broadcast -  0.000 s
[2016.12.25-16.41.12:997][  0]LogContentBrowser: Native class hierarchy updated for 'GameplayTags' in 0.0005 seconds. Added 13 classes and 0 folders.
[2016.12.25-16.41.13:111][  0]LogContentBrowser: Native class hierarchy updated for 'WidgetCarousel' in 0.0004 seconds. Added 0 classes and 0 folders.
[2016.12.25-16.41.13:270][  0]LogContentBrowser: Native class hierarchy updated for 'AddContentDialog' in 0.0004 seconds. Added 0 classes and 0 folders.
[2016.12.25-16.41.13:360][  0]LogContentBrowser: Native class hierarchy updated for 'SceneOutliner' in 0.0004 seconds. Added 1 classes and 2 folders.
[2016.12.25-16.41.13:471][  0]LogCrashTracker: Crashtracker disabled due to settings.
[2016.12.25-16.41.13:501][  0]LogTexture:Display: 텍스처 빌드중: Blueprint_64x (BGRA8)
[2016.12.25-16.41.13:502][  0]LogTexture:Display: 텍스처 빌드중: icon_Editor_Preferences_General_40x (BGRA8)
[2016.12.25-16.41.13:504][  0]LogTexture:Display: 텍스처 빌드중: Paper2DSprite_TutorialIcon (BGRA8)
[2016.12.25-16.41.13:505][  0]LogTexture:Display: 텍스처 빌드중: icon_ShowSkeletalMeshes_40x (BGRA8)
[2016.12.25-16.41.13:506][  0]LogTexture:Display: 텍스처 빌드중: Landscape (BGRA8)
[2016.12.25-16.41.13:508][  0]LogTexture:Display: 텍스처 빌드중: Foliage (BGRA8)
[2016.12.25-16.41.13:628][  0]LogContentBrowser: Native class hierarchy updated for 'HierarchicalLODOutliner' in 0.0004 seconds. Added 1 classes and 2 folders.
[2016.12.25-16.41.13:628][  0]LogLoad: (Engine Initialization) Total time: 49.14 seconds
[2016.12.25-16.41.13:628][  0]LogLoad: (Engine Initialization) Total Blueprint compile time: 0.23 seconds
[2016.12.25-16.41.13:628][  0]LogExternalProfiler: Found external profiler: VSPerf
[2016.12.25-16.41.13:628][  0]LogExternalProfiler: Using external profiler: VSPerf
[2016.12.25-16.41.13:640][  0]LogOcInput: OculusInput pre-init called
[2016.12.25-16.41.13:668][  0]LogContentStreaming: Texture pool size now 1000 MB
[2016.12.25-16.41.13:727][  0]LogTexture:Display: 텍스처 빌드중: icon_tab_Levels_40x (BGRA8)
[2016.12.25-16.41.13:807][  0]LogTexture:Display: 텍스처 빌드중: LevelGrid1DStripes (BGRA8)
[2016.12.25-16.41.13:889][  0]LogRenderer: Reallocating scene render targets to support 1208x580 NumSamples 1 (Frame:2).
[2016.12.25-16.41.14:022][  1]LogAssetRegistry: Asset discovery search completed in 20.4206 seconds
[2016.12.25-16.41.14:022][  1]LogCollectionManager: Rebuilt the object cache for 0 collections in 0.000001 seconds (found 0 objects)
[2016.12.25-16.41.14:022][  1]LogCollectionManager: Fixed up redirectors for 0 collections in 0.000014 seconds (updated 0 objects)
[2016.12.25-16.41.34:179][172]LogWindowsTextInputMethodSystem:Display: IME system now activated using TSF (Microsoft 입력기).
[2016.12.25-16.41.34:346][173]Cmd: QUIT_EDITOR
[2016.12.25-16.41.34:402][173]LogExit: Preparing to exit.
[2016.12.25-16.41.35:055][173]LogExit: Editor shut down
[2016.12.25-16.41.35:056][173]LogExit: Transaction tracking system shut down
[2016.12.25-16.41.35:130][173]LogObj: Freed 0b from 0 cluster array pools.
[2016.12.25-16.41.35:130][173]LogExit: Object subsystem successfully closed.
[2016.12.25-16.41.35:210][173]LogD3D11RHI: Shutdown
[2016.12.25-16.41.35:210][173]LogD3D11RHI: CleanupD3DDevice
[2016.12.25-16.41.35:722][173]LogD3D11RHI: ~FD3D11DynamicRHI
[2016.12.25-16.41.35:751][173]LogHttp:Display: Http module shutting down, but needs to wait on 1 outstanding Http requests:
[2016.12.25-16.41.35:751][173]LogHttp:Display: 	verb=[POST] url=[https://datarouter.ol.epicgames.com/datarouter/api/v1/public/data?SessionID=%7B468D253E-42B4-C929-C11B-5599EDB12F7A%7D&AppID=UEEditor.Rocket.Release&AppVersion=4.14.1-3224400%2B%2B%2BUE4%2BRelease-4.14&UserID=6df0f831431203948dbc168f79febe84%7C4dab9e59979d4e6dbb949b919f832447%7Ca64f6bbb-ae2b-4435-9ddc-f379ca2200c4&AppEnvironment=datacollector-binary&UploadType=eteventstream] status=Processing
[2016.12.25-16.41.35:751][173]LogHttp:Display: Sleeping 0.5s to wait for 1 outstanding Http requests.
[2016.12.25-16.41.36:251][173]LogHttp:Display: Sleeping 0.5s to wait for 1 outstanding Http requests.
[2016.12.25-16.41.36:768][173]LogModuleManager: Shutting down and abandoning module HierarchicalLODOutliner (241)
[2016.12.25-16.41.36:768][173]LogModuleManager: Shutting down and abandoning module CrashTracker (240)
[2016.12.25-16.41.36:768][173]LogModuleManager: Shutting down and abandoning module SceneOutliner (239)
[2016.12.25-16.41.36:768][173]LogModuleManager: Shutting down and abandoning module WidgetCarousel (238)
[2016.12.25-16.41.36:768][173]LogModuleManager: Shutting down and abandoning module AddContentDialog (237)
[2016.12.25-16.41.36:768][173]LogDirectoryWatcher: A directory notification for 'C:/Program Files (x86)/Epic Games/4.14/FeaturePacks/' was aborted.
[2016.12.25-16.41.36:769][173]LogModuleManager: Shutting down and abandoning module GameplayTags (236)
[2016.12.25-16.41.36:769][173]LogModuleManager: Shutting down and abandoning module EditorWidgets (235)
[2016.12.25-16.41.36:769][173]LogModuleManager: Shutting down and abandoning module CollectionManager (234)
[2016.12.25-16.41.36:769][173]LogDirectoryWatcher: A directory notification for 'D:/CodeRepository/UnrealDemo/studyURE/Content/Collections/' was aborted.
[2016.12.25-16.41.36:769][173]LogDirectoryWatcher: A directory notification for 'D:/CodeRepository/UnrealDemo/studyURE/Content/Developers/Administrator/Collections/' was aborted.
[2016.12.25-16.41.36:769][173]LogDirectoryWatcher: A directory notification for 'D:/CodeRepository/UnrealDemo/studyURE/Saved/Collections/' was aborted.
[2016.12.25-16.41.36:769][173]LogModuleManager: Shutting down and abandoning module StatsViewer (233)
[2016.12.25-16.41.36:769][173]LogModuleManager: Shutting down and abandoning module FoliageEdit (232)
[2016.12.25-16.41.36:769][173]LogModuleManager: Shutting down and abandoning module LandscapeEditor (231)
[2016.12.25-16.41.36:770][173]LogModuleManager: Shutting down and abandoning module SceneDepthPickerMode (230)
[2016.12.25-16.41.36:770][173]LogModuleManager: Shutting down and abandoning module ActorPickerMode (229)
[2016.12.25-16.41.36:770][173]LogModuleManager: Shutting down and abandoning module GeometryMode (228)
[2016.12.25-16.41.36:770][173]LogModuleManager: Shutting down and abandoning module TextureAlignMode (227)
[2016.12.25-16.41.36:770][173]LogModuleManager: Shutting down and abandoning module BspMode (226)
[2016.12.25-16.41.36:770][173]LogModuleManager: Shutting down and abandoning module HardwareSurvey (225)
[2016.12.25-16.41.36:770][173]LogModuleManager: Shutting down and abandoning module SequenceRecorderSections (224)
[2016.12.25-16.41.36:770][173]LogModuleManager: Shutting down and abandoning module AutomationWorker (223)
[2016.12.25-16.41.36:770][173]LogModuleManager: Shutting down and abandoning module MatineeToLevelSequence (222)
[2016.12.25-16.41.36:770][173]LogModuleManager: Shutting down and abandoning module PlacementMode (221)
[2016.12.25-16.41.36:770][173]LogModuleManager: Shutting down and abandoning module LevelSequenceEditor (220)
[2016.12.25-16.41.36:771][173]LogModuleManager: Shutting down and abandoning module WmfMediaFactory (219)
[2016.12.25-16.41.36:771][173]LogModuleManager: Shutting down and abandoning module WmfMediaEditor (218)
[2016.12.25-16.41.36:771][173]LogModuleManager: Shutting down and abandoning module AvfMediaFactory (217)
[2016.12.25-16.41.36:771][173]LogModuleManager: Shutting down and abandoning module AvfMediaEditor (216)
[2016.12.25-16.41.36:771][173]LogModuleManager: Shutting down and abandoning module Media (215)
[2016.12.25-16.41.36:771][173]LogModuleManager: Shutting down and abandoning module AndroidMediaFactory (214)
[2016.12.25-16.41.36:771][173]LogModuleManager: Shutting down and abandoning module AndroidMediaEditor (213)
[2016.12.25-16.41.36:771][173]LogModuleManager: Shutting down and abandoning module CharacterAI (212)
[2016.12.25-16.41.36:771][173]LogModuleManager: Shutting down and abandoning module SequenceRecorder (211)
[2016.12.25-16.41.36:771][173]LogModuleManager: Shutting down and abandoning module AudioCapture (210)
[2016.12.25-16.41.36:771][173]LogModuleManager: Shutting down and abandoning module SmartSnapping (209)
[2016.12.25-16.41.36:771][173]LogModuleManager: Shutting down and abandoning module SessionServices (208)
[2016.12.25-16.41.36:771][173]LogModuleManager: Shutting down and abandoning module ViewportSnapping (207)
[2016.12.25-16.41.36:771][173]LogModuleManager: Shutting down and abandoning module ViewportInteraction (206)
[2016.12.25-16.41.36:771][173]LogModuleManager: Shutting down and abandoning module LogVisualizer (205)
[2016.12.25-16.41.36:772][173]LogModuleManager: Shutting down and abandoning module GameProjectGeneration (204)
[2016.12.25-16.41.36:772][173]LogModuleManager: Shutting down and abandoning module IntroTutorials (203)
[2016.12.25-16.41.36:772][173]LogModuleManager: Shutting down and abandoning module EditorLiveStreaming (202)
[2016.12.25-16.41.36:772][173]LogModuleManager: Shutting down and abandoning module IOSPlatformEditor (201)
[2016.12.25-16.41.36:772][173]LogModuleManager: Shutting down and abandoning module HTML5PlatformEditor (200)
[2016.12.25-16.41.36:772][173]LogModuleManager: Shutting down and abandoning module AndroidDeviceDetection (199)
[2016.12.25-16.41.37:059][173]LogModuleManager: Shutting down and abandoning module AndroidPlatformEditor (198)
[2016.12.25-16.41.37:059][173]LogModuleManager: Shutting down and abandoning module IOSRuntimeSettings (197)
[2016.12.25-16.41.37:059][173]LogModuleManager: Shutting down and abandoning module AndroidRuntimeSettings (196)
[2016.12.25-16.41.37:059][173]LogModuleManager: Shutting down and abandoning module InputBindingEditor (195)
[2016.12.25-16.41.37:059][173]LogModuleManager: Shutting down and abandoning module NiagaraEditor (194)
[2016.12.25-16.41.37:060][173]LogModuleManager: Shutting down and abandoning module MergeActors (193)
[2016.12.25-16.41.37:060][173]LogModuleManager: Shutting down and abandoning module SizeMap (192)
[2016.12.25-16.41.37:060][173]LogModuleManager: Shutting down and abandoning module TreeMap (191)
[2016.12.25-16.41.37:060][173]LogModuleManager: Shutting down and abandoning module ReferenceViewer (190)
[2016.12.25-16.41.37:060][173]LogModuleManager: Shutting down and abandoning module LocalizationService (189)
[2016.12.25-16.41.37:060][173]LogModuleManager: Shutting down and abandoning module LocalizationDashboard (188)
[2016.12.25-16.41.37:061][173]LogModuleManager: Shutting down and abandoning module HardwareTargeting (187)
[2016.12.25-16.41.37:061][173]LogModuleManager: Shutting down and abandoning module DeviceProfileEditor (186)
[2016.12.25-16.41.37:061][173]LogModuleManager: Shutting down and abandoning module UndoHistory (185)
[2016.12.25-16.41.37:061][173]LogModuleManager: Shutting down and abandoning module UserFeedback (184)
[2016.12.25-16.41.37:061][173]LogModuleManager: Shutting down and abandoning module XmlParser (183)
[2016.12.25-16.41.37:061][173]LogModuleManager: Shutting down and abandoning module Blutility (182)
[2016.12.25-16.41.37:061][173]LogModuleManager: Shutting down and abandoning module ProjectTargetPlatformEditor (181)
[2016.12.25-16.41.37:061][173]LogModuleManager: Shutting down and abandoning module ProjectSettingsViewer (180)
[2016.12.25-16.41.37:061][173]LogModuleManager: Shutting down and abandoning module EditorSettingsViewer (179)
[2016.12.25-16.41.37:061][173]LogModuleManager: Shutting down and abandoning module SettingsEditor (178)
[2016.12.25-16.41.37:061][173]LogModuleManager: Shutting down and abandoning module ProjectLauncher (177)
[2016.12.25-16.41.37:062][173]LogModuleManager: Shutting down and abandoning module SessionFrontend (176)
[2016.12.25-16.41.37:062][173]LogModuleManager: Shutting down and abandoning module ProfilerClient (175)
[2016.12.25-16.41.37:062][173]LogModuleManager: Shutting down and abandoning module TargetDeviceServices (174)
[2016.12.25-16.41.37:062][173]LogModuleManager: Shutting down and abandoning module DeviceManager (173)
[2016.12.25-16.41.37:105][173]LogModuleManager: Shutting down and abandoning module AutomationController (172)
[2016.12.25-16.41.37:105][173]LogModuleManager: Shutting down and abandoning module AutomationWindow (171)
[2016.12.25-16.41.37:106][173]LogModuleManager: Shutting down and abandoning module Layers (170)
[2016.12.25-16.41.37:107][173]LogModuleManager: Shutting down and abandoning module ComponentVisualizers (169)
[2016.12.25-16.41.37:107][173]LogModuleManager: Shutting down and abandoning module DetailCustomizations (168)
[2016.12.25-16.41.37:108][173]LogModuleManager: Shutting down and abandoning module PackagesDialog (167)
[2016.12.25-16.41.37:108][173]LogModuleManager: Shutting down and abandoning module AnimGraph (166)
[2016.12.25-16.41.37:108][173]LogModuleManager: Shutting down and abandoning module Persona (165)
[2016.12.25-16.41.37:108][173]LogModuleManager: Shutting down and abandoning module Kismet (164)
[2016.12.25-16.41.37:108][173]LogModuleManager: Shutting down and abandoning module GraphEditor (163)
[2016.12.25-16.41.37:110][173]LogModuleManager: Shutting down and abandoning module ClassViewer (162)
[2016.12.25-16.41.37:110][173]LogModuleManager: Shutting down and abandoning module Toolbox (161)
[2016.12.25-16.41.37:110][173]LogModuleManager: Shutting down and abandoning module ModuleUI (160)
[2016.12.25-16.41.37:110][173]LogModuleManager: Shutting down and abandoning module MovieSceneTools (159)
[2016.12.25-16.41.37:111][173]LogModuleManager: Shutting down and abandoning module OutputLog (158)
[2016.12.25-16.41.37:111][173]LogModuleManager: Shutting down and abandoning module GammaUI (157)
[2016.12.25-16.41.37:111][173]LogModuleManager: Shutting down and abandoning module Documentation (156)
[2016.12.25-16.41.37:111][173]LogModuleManager: Shutting down and abandoning module Niagara (155)
[2016.12.25-16.41.37:111][173]LogModuleManager: Shutting down and abandoning module StreamingPauseRendering (154)
[2016.12.25-16.41.37:111][173]LogModuleManager: Shutting down and abandoning module AnalyticsET (153)
[2016.12.25-16.41.37:111][173]LogModuleManager: Shutting down and abandoning module PortalServices (152)
[2016.12.25-16.41.37:111][173]LogModuleManager: Shutting down and abandoning module PortalRpc (151)
[2016.12.25-16.41.37:111][173]LogModuleManager: Shutting down and abandoning module MessagingRpc (150)
[2016.12.25-16.41.37:111][173]LogModuleManager: Shutting down and abandoning module GameplayDebugger (149)
[2016.12.25-16.41.37:111][173]LogModuleManager: Shutting down and abandoning module AITestSuite (148)
[2016.12.25-16.41.37:111][173]LogModuleManager: Shutting down and abandoning module AIModule (147)
[2016.12.25-16.41.37:111][173]LogModuleManager: Shutting down and abandoning module ProfilerService (146)
[2016.12.25-16.41.37:218][173]LogModuleManager: Shutting down and abandoning module TaskGraph (145)
[2016.12.25-16.41.37:218][173]LogModuleManager: Shutting down and abandoning module SlateRemote (144)
[2016.12.25-16.41.37:218][173]LogModuleManager: Shutting down and abandoning module SteamVRController (143)
[2016.12.25-16.41.37:218][173]LogModuleManager: Shutting down and abandoning module SteamVR (142)
[2016.12.25-16.41.37:218][173]LogModuleManager: Shutting down and abandoning module ProceduralMeshComponentEditor (141)
[2016.12.25-16.41.37:218][173]LogModuleManager: Shutting down and abandoning module ProceduralMeshComponent (140)
[2016.12.25-16.41.37:218][173]LogModuleManager: Shutting down and abandoning module OculusLibrary (139)
[2016.12.25-16.41.37:218][173]LogModuleManager: Shutting down and abandoning module OculusInput (138)
[2016.12.25-16.41.37:218][173]LogModuleManager: Shutting down and abandoning module MobilePatchingUtils (137)
[2016.12.25-16.41.37:218][173]LogModuleManager: Shutting down and abandoning module CustomMeshComponent (136)
[2016.12.25-16.41.37:218][173]LogModuleManager: Shutting down and abandoning module CableComponent (135)
[2016.12.25-16.41.37:218][173]LogModuleManager: Shutting down and abandoning module ArchVisCharacter (134)
[2016.12.25-16.41.37:218][173]LogModuleManager: Shutting down and abandoning module MediaPlayerEditor (132)
[2016.12.25-16.41.37:220][173]LogModuleManager: Shutting down and abandoning module HTML5Networking (131)
[2016.12.25-16.41.37:220][173]LogModuleManager: Shutting down and abandoning module GeometryCacheEd (130)
[2016.12.25-16.41.37:220][173]LogModuleManager: Shutting down and abandoning module GeometryCache (129)
[2016.12.25-16.41.37:220][173]LogModuleManager: Shutting down and abandoning module AlembicLibrary (128)
[2016.12.25-16.41.37:220][173]LogModuleManager: Shutting down and abandoning module AlembicImporter (127)
[2016.12.25-16.41.37:220][173]LogModuleManager: Shutting down and abandoning module SuperSearch (126)
[2016.12.25-16.41.37:220][173]LogModuleManager: Shutting down and abandoning module SuperSearchEditor (125)
[2016.12.25-16.41.37:220][173]LogModuleManager: Shutting down and abandoning module SpeedTreeImporter (124)
[2016.12.25-16.41.37:220][173]LogModuleManager: Shutting down and abandoning module PluginBrowser (123)
[2016.12.25-16.41.37:220][173]LogModuleManager: Shutting down and abandoning module MobileLauncherProfileWizard (122)
[2016.12.25-16.41.37:220][173]LogModuleManager: Shutting down and abandoning module EpicSurvey (121)
[2016.12.25-16.41.37:220][173]LogModuleManager: Shutting down and abandoning module DesktopPlatform (120)
[2016.12.25-16.41.37:220][173]LogModuleManager: Shutting down and abandoning module VisualStudioSourceCodeAccess (119)
[2016.12.25-16.41.37:220][173]LogModuleManager: Shutting down and abandoning module UObjectPlugin (118)
[2016.12.25-16.41.37:220][173]LogModuleManager: Shutting down and abandoning module SubversionSourceControl (117)
[2016.12.25-16.41.37:220][173]LogModuleManager: Shutting down and abandoning module PerforceSourceControl (116)
[2016.12.25-16.41.37:220][173]LogModuleManager: Shutting down and abandoning module SourceControl (115)
[2016.12.25-16.41.37:220][173]LogModuleManager: Shutting down and abandoning module GitSourceControl (114)
[2016.12.25-16.41.37:220][173]LogModuleManager: Shutting down and abandoning module LightPropagationVolumeEditor (113)
[2016.12.25-16.41.37:220][173]LogModuleManager: Shutting down and abandoning module PaperTiledImporter (112)
[2016.12.25-16.41.37:220][173]LogModuleManager: Shutting down and abandoning module PaperSpriteSheetImporter (111)
[2016.12.25-16.41.37:220][173]LogModuleManager: Shutting down and abandoning module MeshPaint (110)
[2016.12.25-16.41.37:220][173]LogModuleManager: Shutting down and abandoning module PixelInspectorModule (109)
[2016.12.25-16.41.37:220][173]LogModuleManager: Shutting down and abandoning module HotReload (108)
[2016.12.25-16.41.37:221][173]LogModuleManager: Shutting down and abandoning module MainFrame (107)
[2016.12.25-16.41.37:221][173]LogModuleManager: Shutting down and abandoning module LevelEditor (106)
[2016.12.25-16.41.37:221][173]LogModuleManager: Shutting down and abandoning module ContentBrowser (105)
[2016.12.25-16.41.37:222][173]LogModuleManager: Shutting down and abandoning module Paper2DEditor (104)
[2016.12.25-16.41.37:222][173]LogModuleManager: Shutting down and abandoning module UdpMessaging (103)
[2016.12.25-16.41.37:323][173]LogModuleManager: Shutting down and abandoning module TcpMessaging (102)
[2016.12.25-16.41.37:423][173]LogModuleManager: Shutting down and abandoning module LightPropagationVolumeRuntime (101)
[2016.12.25-16.41.37:423][173]LogModuleManager: Shutting down and abandoning module Paper2D (100)
[2016.12.25-16.41.37:423][173]LogModuleManager: Shutting down and abandoning module WindowsMoviePlayer (99)
[2016.12.25-16.41.37:423][173]LogModuleManager: Shutting down and abandoning module WmfMedia (98)
[2016.12.25-16.41.37:423][173]LogModuleManager: Shutting down and abandoning module MediaAssets (97)
[2016.12.25-16.41.37:423][173]LogModuleManager: Shutting down and abandoning module GameLiveStreaming (96)
[2016.12.25-16.41.37:424][173]LogModuleManager: Shutting down and abandoning module GameplayTagsEditor (95)
[2016.12.25-16.41.37:424][173]LogModuleManager: Shutting down and abandoning module VREditor (94)
[2016.12.25-16.41.37:424][173]LogModuleManager: Shutting down and abandoning module GameplayTasksEditor (93)
[2016.12.25-16.41.37:424][173]LogModuleManager: Shutting down and abandoning module BehaviorTreeEditor (92)
[2016.12.25-16.41.37:424][173]LogModuleManager: Shutting down and abandoning module FunctionalTesting (91)
[2016.12.25-16.41.37:424][173]LogModuleManager: Shutting down and abandoning module CollisionAnalyzer (90)
[2016.12.25-16.41.37:424][173]LogModuleManager: Shutting down and abandoning module Sequencer (89)
[2016.12.25-16.41.37:425][173]LogModuleManager: Shutting down and abandoning module WorkspaceMenuStructure (88)
[2016.12.25-16.41.37:425][173]LogModuleManager: Shutting down and abandoning module MessageLog (87)
[2016.12.25-16.41.37:425][173]LogModuleManager: Shutting down and abandoning module AssetTools (86)
[2016.12.25-16.41.37:426][173]LogModuleManager: Shutting down and abandoning module UMGEditor (85)
[2016.12.25-16.41.37:427][173]LogModuleManager: Shutting down and abandoning module UMG (84)
[2016.12.25-16.41.37:427][173]LogModuleManager: Shutting down and abandoning module SlateReflector (83)
[2016.12.25-16.41.37:428][173]LogModuleManager: Shutting down and abandoning module Slate (82)
[2016.12.25-16.41.37:428][173]LogModuleManager: Shutting down and abandoning module EditorStyle (81)
[2016.12.25-16.41.37:430][173]LogModuleManager: Shutting down and abandoning module SourceCodeAccess (80)
[2016.12.25-16.41.37:430][173]LogModuleManager: Shutting down and abandoning module HeadMountedDisplay (79)
[2016.12.25-16.41.37:430][173]LogModuleManager: Shutting down and abandoning module XAudio2 (78)
[2016.12.25-16.41.37:430][173]LogModuleManager: Shutting down and abandoning module Networking (76)
[2016.12.25-16.41.37:430][173]LogModuleManager: Shutting down and abandoning module Core (75)
[2016.12.25-16.41.37:430][173]LogModuleManager: Shutting down and abandoning module DirectoryWatcher (74)
[2016.12.25-16.41.37:430][173]LogDirectoryWatcher: A directory notification for '../../../Engine/Content/' was aborted.
[2016.12.25-16.41.37:430][173]LogDirectoryWatcher: A directory notification for 'D:/CodeRepository/UnrealDemo/studyURE/Content/' was aborted.
[2016.12.25-16.41.37:430][173]LogDirectoryWatcher: A directory notification for '../../../Engine/Plugins/2D/Paper2D/Content/' was aborted.
[2016.12.25-16.41.37:430][173]LogModuleManager: Shutting down and abandoning module AssetRegistry (73)
[2016.12.25-16.41.37:582][173]LogModuleManager: Shutting down and abandoning module KismetCompiler (72)
[2016.12.25-16.41.37:582][173]LogModuleManager: Shutting down and abandoning module PhysXFormats (71)
[2016.12.25-16.41.37:582][173]LogModuleManager: Shutting down and abandoning module SimplygonSwarm (70)
[2016.12.25-16.41.37:582][173]LogModuleManager: Shutting down and abandoning module SimplygonMeshReduction (69)
[2016.12.25-16.41.37:582][173]LogModuleManager: Shutting down and abandoning module QuadricMeshReduction (68)
[2016.12.25-16.41.37:582][173]LogModuleManager: Shutting down and abandoning module PropertyEditor (67)
[2016.12.25-16.41.37:583][173]LogModuleManager: Shutting down and abandoning module MeshUtilities (66)
[2016.12.25-16.41.37:584][173]LogModuleManager: Shutting down and abandoning module DerivedDataCache (65)
[2016.12.25-16.41.38:030][173]LogDerivedDataCache: Shutdown
[2016.12.25-16.41.38:030][173]LogModuleManager: Shutting down and abandoning module VulkanShaderFormat (64)
[2016.12.25-16.41.38:030][173]LogModuleManager: Shutting down and abandoning module ShaderFormatOpenGL (63)
[2016.12.25-16.41.38:030][173]LogModuleManager: Shutting down and abandoning module ShaderFormatD3D (62)
[2016.12.25-16.41.38:030][173]LogModuleManager: Shutting down and abandoning module MetalShaderFormat (61)
[2016.12.25-16.41.38:030][173]LogModuleManager: Shutting down and abandoning module TextureFormatUncompressed (60)
[2016.12.25-16.41.38:030][173]LogModuleManager: Shutting down and abandoning module TextureFormatPVR (59)
[2016.12.25-16.41.38:030][173]LogModuleManager: Shutting down and abandoning module TextureFormatDXT (58)
[2016.12.25-16.41.38:030][173]LogModuleManager: Shutting down and abandoning module TextureFormatIntelISPCTexComp (57)
[2016.12.25-16.41.38:030][173]LogModuleManager: Shutting down and abandoning module ImageWrapper (56)
[2016.12.25-16.41.38:030][173]LogModuleManager: Shutting down and abandoning module TextureFormatASTC (55)
[2016.12.25-16.41.38:030][173]LogModuleManager: Shutting down and abandoning module TextureFormatAndroid (54)
[2016.12.25-16.41.38:030][173]LogModuleManager: Shutting down and abandoning module AudioFormatOpus (53)
[2016.12.25-16.41.38:030][173]LogModuleManager: Shutting down and abandoning module AudioFormatOgg (52)
[2016.12.25-16.41.38:030][173]LogModuleManager: Shutting down and abandoning module AudioFormatADPCM (51)
[2016.12.25-16.41.38:030][173]LogModuleManager: Shutting down and abandoning module LinuxTargetPlatform (50)
[2016.12.25-16.41.38:030][173]LogModuleManager: Shutting down and abandoning module LinuxServerTargetPlatform (49)
[2016.12.25-16.41.38:030][173]LogModuleManager: Shutting down and abandoning module LinuxNoEditorTargetPlatform (48)
[2016.12.25-16.41.38:030][173]LogModuleManager: Shutting down and abandoning module LinuxClientTargetPlatform (47)
[2016.12.25-16.41.38:030][173]LogModuleManager: Shutting down and abandoning module TVOSTargetPlatform (46)
[2016.12.25-16.41.38:030][173]LogModuleManager: Shutting down and abandoning module Messaging (45)
[2016.12.25-16.41.38:030][173]LogModuleManager: Shutting down and abandoning module IOSTargetPlatform (44)
[2016.12.25-16.41.38:030][173]LogModuleManager: Shutting down and abandoning module HTML5TargetPlatform (43)
[2016.12.25-16.41.38:030][173]LogModuleManager: Shutting down and abandoning module Android_PVRTCTargetPlatform (42)
[2016.12.25-16.41.38:030][173]LogModuleManager: Shutting down and abandoning module Android_MultiTargetPlatform (41)
[2016.12.25-16.41.38:030][173]LogModuleManager: Shutting down and abandoning module Android_ETC2TargetPlatform (40)
[2016.12.25-16.41.38:030][173]LogModuleManager: Shutting down and abandoning module Android_ETC1TargetPlatform (39)
[2016.12.25-16.41.38:030][173]LogModuleManager: Shutting down and abandoning module Android_DXTTargetPlatform (38)
[2016.12.25-16.41.38:030][173]LogModuleManager: Shutting down and abandoning module Android_ATCTargetPlatform (37)
[2016.12.25-16.41.38:030][173]LogModuleManager: Shutting down and abandoning module Android_ASTCTargetPlatform (36)
[2016.12.25-16.41.38:030][173]LogModuleManager: Shutting down and abandoning module AndroidTargetPlatform (35)
[2016.12.25-16.41.38:030][173]LogModuleManager: Shutting down and abandoning module WindowsTargetPlatform (34)
[2016.12.25-16.41.38:030][173]LogModuleManager: Shutting down and abandoning module WindowsServerTargetPlatform (33)
[2016.12.25-16.41.38:030][173]LogModuleManager: Shutting down and abandoning module WindowsNoEditorTargetPlatform (32)
[2016.12.25-16.41.38:030][173]LogModuleManager: Shutting down and abandoning module WindowsClientTargetPlatform (31)
[2016.12.25-16.41.38:030][173]LogModuleManager: Shutting down and abandoning module MacTargetPlatform (30)
[2016.12.25-16.41.38:030][173]LogModuleManager: Shutting down and abandoning module MacServerTargetPlatform (29)
[2016.12.25-16.41.38:030][173]LogModuleManager: Shutting down and abandoning module MacNoEditorTargetPlatform (28)
[2016.12.25-16.41.38:030][173]LogModuleManager: Shutting down and abandoning module MacClientTargetPlatform (27)
[2016.12.25-16.41.38:030][173]LogModuleManager: Shutting down and abandoning module AllDesktopTargetPlatform (26)
[2016.12.25-16.41.38:030][173]LogModuleManager: Shutting down and abandoning module TargetPlatform (25)
[2016.12.25-16.41.38:030][173]LogModuleManager: Shutting down and abandoning module InputCore (24)
[2016.12.25-16.41.38:030][173]LogModuleManager: Shutting down and abandoning module Settings (23)
[2016.12.25-16.41.38:030][173]LogModuleManager: Shutting down and abandoning module OculusRift (22)
[2016.12.25-16.41.38:030][173]LogModuleManager: Shutting down and abandoning module ExampleDeviceProfileSelector (21)
[2016.12.25-16.41.38:030][173]LogModuleManager: Shutting down and abandoning module OnlineBlueprintSupport (20)
[2016.12.25-16.41.38:030][173]LogModuleManager: Shutting down and abandoning module OnlineSubsystem (18)
[2016.12.25-16.41.38:030][173]LogOnline:Display: Unloading online subsystem: NULL
[2016.12.25-16.41.38:031][173]LogModuleManager: Shutting down and abandoning module SSL (17)
[2016.12.25-16.41.38:032][173]LogModuleManager: Shutting down and abandoning module HTTP (16)
[2016.12.25-16.41.38:032][173]LogModuleManager: Shutting down and abandoning module XMPP (15)
[2016.12.25-16.41.38:033][173]LogModuleManager: Shutting down and abandoning module TextureCompressor (14)
[2016.12.25-16.41.38:033][173]LogModuleManager: Shutting down and abandoning module ShaderCore (13)
[2016.12.25-16.41.38:033][173]LogModuleManager: Shutting down and abandoning module Landscape (12)
[2016.12.25-16.41.38:033][173]LogModuleManager: Shutting down and abandoning module SlateRHIRenderer (11)
[2016.12.25-16.41.38:034][173]LogModuleManager: Shutting down and abandoning module OpenGLDrv (10)
[2016.12.25-16.41.38:035][173]LogModuleManager: Shutting down and abandoning module D3D11RHI (9)
[2016.12.25-16.41.38:035][173]LogModuleManager: Shutting down and abandoning module AnimGraphRuntime (8)
[2016.12.25-16.41.38:035][173]LogModuleManager: Shutting down and abandoning module Renderer (7)
[2016.12.25-16.41.38:035][173]LogModuleManager: Shutting down and abandoning module Engine (6)
[2016.12.25-16.41.38:035][173]LogModuleManager: Shutting down and abandoning module CoreUObject (5)
[2016.12.25-16.41.38:035][173]LogModuleManager: Shutting down and abandoning module NetworkFile (4)
[2016.12.25-16.41.38:035][173]LogModuleManager: Shutting down and abandoning module StreamingFile (3)
[2016.12.25-16.41.38:035][173]LogModuleManager: Shutting down and abandoning module SandboxFile (2)
[2016.12.25-16.41.38:035][173]LogModuleManager: Shutting down and abandoning module PakFile (1)
[2016.12.25-16.41.38:037][173]LogExit: Exiting.
[2016.12.25-16.41.38:042][173]Log file closed, 12/26/16 01:41:38
